Updating 88ff02e..7068470
Fast-forward
 .babelrc        |  27 ---
 babel.config.js |  10 ++
 debug_ps_2.log  | 526 ++++++++++++++++++++++++++++++++++++++++++++++++++++++++
 jest.config.js  |   5 +-
 jest.env.js     |  29 ++--
 5 files changed, 555 insertions(+), 42 deletions(-)
 delete mode 100644 .babelrc
 create mode 100644 babel.config.js
 create mode 100644 debug_ps_2.log
From https://github.com/adelfree2023-dev/55
 * branch            master     -> FETCH_HEAD
   88ff02e..7068470  master     -> origin/master
$ jest --coverage
FAIL packages/config/src/env.spec.ts
  ● Test suite failed to run

    TypeError: Attempted to assign to readonly property.

      at node_modules/.bun/jest-runtime@29.7.0/node_modules/jest-runtime/build/index.js:1638:6
      at forEach (native)
      at Object.<anonymous> (node_modules/.bun/stack-utils@2.0.6/node_modules/stack-utils/index.js:10:9)
      at Object.<anonymous> (node_modules/.bun/expect@29.7.0/node_modules/expect/build/toThrowMatchers.js:9:30)
      at Object.<anonymous> (node_modules/.bun/expect@29.7.0/node_modules/expect/build/index.js:23:54)
      at _expect (node_modules/.bun/@jest+expect@29.7.0/node_modules/@jest/expect/build/index.js:8:22)
      at createJestExpect (node_modules/.bun/@jest+expect@29.7.0/node_modules/@jest/expect/build/index.js:29:9)
      at Object.<anonymous> (node_modules/.bun/@jest+expect@29.7.0/node_modules/@jest/expect/build/index.js:39:35)
      at processTicksAndRejections (native)
      at processTicksAndRejections (native)

FAIL packages/security/src/filters/global-exception.filter.spec.ts
  ● Test suite failed to run

    TypeError: Attempted to assign to readonly property.

      at node_modules/.bun/jest-runtime@29.7.0/node_modules/jest-runtime/build/index.js:1638:6
      at forEach (native)
      at Object.<anonymous> (node_modules/.bun/stack-utils@2.0.6/node_modules/stack-utils/index.js:10:9)
      at Object.<anonymous> (node_modules/.bun/expect@29.7.0/node_modules/expect/build/toThrowMatchers.js:9:30)
      at Object.<anonymous> (node_modules/.bun/expect@29.7.0/node_modules/expect/build/index.js:23:54)
      at _expect (node_modules/.bun/@jest+expect@29.7.0/node_modules/@jest/expect/build/index.js:8:22)
      at createJestExpect (node_modules/.bun/@jest+expect@29.7.0/node_modules/@jest/expect/build/index.js:29:9)
      at Object.<anonymous> (node_modules/.bun/@jest+expect@29.7.0/node_modules/@jest/expect/build/index.js:39:35)
      at processTicksAndRejections (native)
      at processTicksAndRejections (native)

FAIL packages/db/src/middleware/tenant-isolation.spec.ts
  ● Test suite failed to run

    TypeError: Attempted to assign to readonly property.

      at node_modules/.bun/jest-runtime@29.7.0/node_modules/jest-runtime/build/index.js:1638:6
      at forEach (native)
      at Object.<anonymous> (node_modules/.bun/stack-utils@2.0.6/node_modules/stack-utils/index.js:10:9)
      at Object.<anonymous> (node_modules/.bun/expect@29.7.0/node_modules/expect/build/toThrowMatchers.js:9:30)
      at Object.<anonymous> (node_modules/.bun/expect@29.7.0/node_modules/expect/build/index.js:23:54)
      at _expect (node_modules/.bun/@jest+expect@29.7.0/node_modules/@jest/expect/build/index.js:8:22)
      at createJestExpect (node_modules/.bun/@jest+expect@29.7.0/node_modules/@jest/expect/build/index.js:29:9)
      at Object.<anonymous> (node_modules/.bun/@jest+expect@29.7.0/node_modules/@jest/expect/build/index.js:39:35)
      at processTicksAndRejections (native)
      at processTicksAndRejections (native)

FAIL packages/security/src/services/secrets-rotator.service.spec.ts
  ● Test suite failed to run

    TypeError: Attempted to assign to readonly property.

      at node_modules/.bun/jest-runtime@29.7.0/node_modules/jest-runtime/build/index.js:1638:6
      at forEach (native)
      at Object.<anonymous> (node_modules/.bun/stack-utils@2.0.6/node_modules/stack-utils/index.js:10:9)
      at Object.<anonymous> (node_modules/.bun/expect@29.7.0/node_modules/expect/build/toThrowMatchers.js:9:30)
      at Object.<anonymous> (node_modules/.bun/expect@29.7.0/node_modules/expect/build/index.js:23:54)
      at _expect (node_modules/.bun/@jest+expect@29.7.0/node_modules/@jest/expect/build/index.js:8:22)
      at createJestExpect (node_modules/.bun/@jest+expect@29.7.0/node_modules/@jest/expect/build/index.js:29:9)
      at Object.<anonymous> (node_modules/.bun/@jest+expect@29.7.0/node_modules/@jest/expect/build/index.js:39:35)
      at processTicksAndRejections (native)
      at processTicksAndRejections (native)

FAIL packages/security/src/middlewares/security-headers.spec.ts
  ● Test suite failed to run

    TypeError: Attempted to assign to readonly property.

      at node_modules/.bun/jest-runtime@29.7.0/node_modules/jest-runtime/build/index.js:1638:6
      at forEach (native)
      at Object.<anonymous> (node_modules/.bun/stack-utils@2.0.6/node_modules/stack-utils/index.js:10:9)
      at Object.<anonymous> (node_modules/.bun/expect@29.7.0/node_modules/expect/build/toThrowMatchers.js:9:30)
      at Object.<anonymous> (node_modules/.bun/expect@29.7.0/node_modules/expect/build/index.js:23:54)
      at _expect (node_modules/.bun/@jest+expect@29.7.0/node_modules/@jest/expect/build/index.js:8:22)
      at createJestExpect (node_modules/.bun/@jest+expect@29.7.0/node_modules/@jest/expect/build/index.js:29:9)
      at Object.<anonymous> (node_modules/.bun/@jest+expect@29.7.0/node_modules/@jest/expect/build/index.js:39:35)
      at processTicksAndRejections (native)
      at processTicksAndRejections (native)

FAIL packages/db/src/index.spec.ts
  ● Test suite failed to run

    TypeError: Attempted to assign to readonly property.

      at node_modules/.bun/jest-runtime@29.7.0/node_modules/jest-runtime/build/index.js:1638:6
      at forEach (native)
      at Object.<anonymous> (node_modules/.bun/stack-utils@2.0.6/node_modules/stack-utils/index.js:10:9)
      at Object.<anonymous> (node_modules/.bun/expect@29.7.0/node_modules/expect/build/toThrowMatchers.js:9:30)
      at Object.<anonymous> (node_modules/.bun/expect@29.7.0/node_modules/expect/build/index.js:23:54)
      at _expect (node_modules/.bun/@jest+expect@29.7.0/node_modules/@jest/expect/build/index.js:8:22)
      at createJestExpect (node_modules/.bun/@jest+expect@29.7.0/node_modules/@jest/expect/build/index.js:29:9)
      at Object.<anonymous> (node_modules/.bun/@jest+expect@29.7.0/node_modules/@jest/expect/build/index.js:39:35)
      at processTicksAndRejections (native)

FAIL tests/security/s2-tenant-isolation.test.ts
  ● Test suite failed to run

    TypeError: Attempted to assign to readonly property.

      at node_modules/.bun/jest-runtime@29.7.0/node_modules/jest-runtime/build/index.js:1638:6
      at forEach (native)
      at Object.<anonymous> (node_modules/.bun/stack-utils@2.0.6/node_modules/stack-utils/index.js:10:9)
      at Object.<anonymous> (node_modules/.bun/expect@29.7.0/node_modules/expect/build/toThrowMatchers.js:9:30)
      at Object.<anonymous> (node_modules/.bun/expect@29.7.0/node_modules/expect/build/index.js:23:54)
      at _expect (node_modules/.bun/@jest+expect@29.7.0/node_modules/@jest/expect/build/index.js:8:22)
      at createJestExpect (node_modules/.bun/@jest+expect@29.7.0/node_modules/@jest/expect/build/index.js:29:9)
      at Object.<anonymous> (node_modules/.bun/@jest+expect@29.7.0/node_modules/@jest/expect/build/index.js:39:35)
      at processTicksAndRejections (native)

FAIL tests/security/s1-env-validation.test.ts
  ● Test suite failed to run

    TypeError: Attempted to assign to readonly property.

      at node_modules/.bun/jest-runtime@29.7.0/node_modules/jest-runtime/build/index.js:1638:6
      at forEach (native)
      at Object.<anonymous> (node_modules/.bun/stack-utils@2.0.6/node_modules/stack-utils/index.js:10:9)
      at Object.<anonymous> (node_modules/.bun/expect@29.7.0/node_modules/expect/build/toThrowMatchers.js:9:30)
      at Object.<anonymous> (node_modules/.bun/expect@29.7.0/node_modules/expect/build/index.js:23:54)
      at _expect (node_modules/.bun/@jest+expect@29.7.0/node_modules/@jest/expect/build/index.js:8:22)
      at createJestExpect (node_modules/.bun/@jest+expect@29.7.0/node_modules/@jest/expect/build/index.js:29:9)
      at Object.<anonymous> (node_modules/.bun/@jest+expect@29.7.0/node_modules/@jest/expect/build/index.js:39:35)
      at processTicksAndRejections (native)

FAIL tests/security/s6-rate-limiting.test.ts
  ● Test suite failed to run

    TypeError: Attempted to assign to readonly property.

      at node_modules/.bun/jest-runtime@29.7.0/node_modules/jest-runtime/build/index.js:1638:6
      at forEach (native)
      at Object.<anonymous> (node_modules/.bun/stack-utils@2.0.6/node_modules/stack-utils/index.js:10:9)
      at Object.<anonymous> (node_modules/.bun/expect@29.7.0/node_modules/expect/build/toThrowMatchers.js:9:30)
      at Object.<anonymous> (node_modules/.bun/expect@29.7.0/node_modules/expect/build/index.js:23:54)
      at _expect (node_modules/.bun/@jest+expect@29.7.0/node_modules/@jest/expect/build/index.js:8:22)
      at createJestExpect (node_modules/.bun/@jest+expect@29.7.0/node_modules/@jest/expect/build/index.js:29:9)
      at Object.<anonymous> (node_modules/.bun/@jest+expect@29.7.0/node_modules/@jest/expect/build/index.js:39:35)
      at processTicksAndRejections (native)

---------------------------------|---------|----------|---------|---------|-------------------
File                             | % Stmts | % Branch | % Funcs | % Lines | Uncovered Line #s 
---------------------------------|---------|----------|---------|---------|-------------------
All files                        |       0 |        0 |       0 |       0 |                   
 config/src                      |       0 |      100 |     100 |       0 |                   
  env.ts                         |       0 |      100 |     100 |       0 | 3-15              
 db/src/middleware               |       0 |        0 |       0 |       0 |                   
  tenant-isolation.ts            |       0 |        0 |       0 |       0 | 6-39              
 security/src                    |       0 |        0 |       0 |       0 |                   
  security.module.ts             |       0 |        0 |       0 |       0 |                   
 security/src/filters            |       0 |        0 |       0 |       0 |                   
  global-exception.filter.ts     |       0 |        0 |       0 |       0 | 7-21              
 security/src/interceptors       |       0 |        0 |       0 |       0 |                   
  audit-logger.interceptor.ts    |       0 |        0 |       0 |       0 | 10-68             
 security/src/middlewares        |       0 |        0 |       0 |       0 |                   
  rate-limiter.middleware.ts     |       0 |        0 |       0 |       0 | 7-32              
  security-headers.middleware.ts |       0 |      100 |       0 |       0 | 8-14              
 security/src/services           |       0 |      100 |       0 |       0 |                   
  secrets-rotator.service.ts     |       0 |      100 |       0 |       0 | 6-8               
---------------------------------|---------|----------|---------|---------|-------------------
Test Suites: 9 failed, 9 total
Tests:       0 total
Snapshots:   0 total
Time:        3.64 s
Ran all test suites.
error: script "test:coverage" exited with code 1
