From https://github.com/adelfree2023-dev/55
   8df27e5..7e94c9a  master     -> origin/master
HEAD is now at 7e94c9a fix: restore Bun Test syntax for tenant-isolation spec and finalize 100% coverage
bun test v1.3.8 (b64edcb4)

tests/security/s2-tenant-isolation.test.ts:
ðŸ” Execution: S2 Isolation Test
ðŸŒ Testing Hostname: myshop.apex.local
ðŸ”¹ Extracted Subdomain: myshop

tests/security/s1-env-validation.test.ts:
ðŸ” Execution: S1 Validation Test
âœ… S1: Environment validated successfully

tests/security/s6-rate-limiting.test.ts:
ðŸ” Execution: S6 Rate Limiting Test
âœ… S2: Tenant isolated successfully (Middleware passed to next)

packages/db/src/index.spec.ts:
âœ… S6: Request permitted
(pass) DB Core Utils (Packages/DB) > should create tenant schema with quoted identifier [1.00ms]
(pass) DB Core Utils (Packages/DB) > should set search path with quoted identifier [3.00ms]

packages/config/src/env.spec.ts:
âœ… S6: Request permitted
(pass) Env Validation (S1) > should validate correct environment variables [1.00ms]
(pass) Env Validation (S1) > should fail if JWT_SECRET is too short [1.00ms]

packages/db/src/middleware/tenant-isolation.spec.ts:
âœ… S6: Request permitted
(pass) TenantIsolationMiddleware (S2) Unit Test > should extract subdomain and set tenant schema if tenant exists
(pass) TenantIsolationMiddleware (S2) Unit Test > should return 404 if tenant not found
(pass) TenantIsolationMiddleware (S2) Unit Test > should return 503 if schema missing
âœ… S6: Request permitted
(pass) TenantIsolationMiddleware (S2) Unit Test > should instantiate for constructor coverage

packages/security/src/middlewares/security-headers.spec.ts:
âœ… S6: Request permitted
(pass) SecurityHeadersMiddleware (S7) > should set security headers correctly [1.00ms]

packages/security/src/filters/global-exception.filter.spec.ts:
âœ… S6: Redis connection closed
ðŸ”„ S8: Secrets Rotation Triggered (Stub)
(pass) GlobalExceptionFilter (S5) > should format HttpException correctly [1.00ms]
(pass) GlobalExceptionFilter (S5) > should handle generic errors as 500

packages/security/src/services/secrets-rotator.service.spec.ts:
(pass) SecretsRotatorService (S8) > should rotate secrets (stub)
------------------------------------------------------------------|---------|---------|-------------------
File                                                              | % Funcs | % Lines | Uncovered Line #s
------------------------------------------------------------------|---------|---------|-------------------
All files                                                         |   96.67 |  100.00 |
 packages/config/src/env.ts                                       |  100.00 |  100.00 | 
 packages/config/src/index.ts                                     |  100.00 |  100.00 | 
 packages/db/src/index.ts                                         |  100.00 |  100.00 | 
 packages/db/src/middleware/tenant-isolation.ts                   |   66.67 |  100.00 | 
 packages/db/src/schema/audit-logs.ts                             |  100.00 |  100.00 | 
 packages/db/src/schema/tenants.ts                                |  100.00 |  100.00 | 
 packages/security/src/filters/global-exception.filter.ts         |  100.00 |  100.00 | 
 packages/security/src/middlewares/rate-limiter.middleware.ts     |  100.00 |  100.00 | 
 packages/security/src/middlewares/security-headers.middleware.ts |  100.00 |  100.00 | 
 packages/security/src/services/secrets-rotator.service.ts        |  100.00 |  100.00 | 
------------------------------------------------------------------|---------|---------|-------------------

 12 pass
 0 fail
 17 expect() calls
Ran 12 tests across 9 files. [453.00ms]
